{
  "stats": {
    "suites": 1,
    "tests": 1,
    "passes": 0,
    "pending": 0,
    "failures": 1,
    "start": "2024-10-01T14:24:52.428Z",
    "end": "2024-10-01T14:25:00.334Z",
    "duration": 7906,
    "testsRegistered": 13,
    "passPercent": 0,
    "pendingPercent": 0,
    "other": 1,
    "hasOther": true,
    "skipped": 12,
    "hasSkipped": true
  },
  "results": [
    {
      "uuid": "8e6f7b62-4794-443f-87ee-d7fceb313066",
      "title": "",
      "fullFile": "cypress\\e2e\\TestMobile\\AcessoLoginM\\loginmobile.feature",
      "file": "cypress\\e2e\\TestMobile\\AcessoLoginM\\loginmobile.feature",
      "beforeHooks": [],
      "afterHooks": [],
      "tests": [],
      "suites": [
        {
          "uuid": "b04616ec-f6a6-4d9c-ad74-7f880e46480c",
          "title": "As oito personas validar sucesso e insucesso de login e recuperacao de senha na plataforma como mobile",
          "fullFile": "",
          "file": "",
          "beforeHooks": [],
          "afterHooks": [],
          "tests": [
            {
              "title": "01.1 - Usuario acessar com sucesso a plataforma e fazer logout",
              "fullTitle": "As oito personas validar sucesso e insucesso de login e recuperacao de senha na plataforma como mobile 01.1 - Usuario acessar com sucesso a plataforma e fazer logout",
              "timedOut": null,
              "duration": 187,
              "state": "failed",
              "speed": null,
              "pass": false,
              "fail": true,
              "pending": false,
              "context": null,
              "code": "const state = window.testState;\nreturn cy\n  .then(() => state.onStartScenario(scenario, indexedSteps))\n  .then(() =>\n    resolveAndRunBeforeHooks.call(this, scenario.tags, state.feature.name)\n  )\n  .then(() =>\n    indexedSteps.forEach((step) =>\n      stepTest.call(this, state, step, rowData)\n    )\n  )\n  .then(() => state.onFinishScenario(scenario));",
              "err": {
                "message": "CypressError: `cy.task('reportAllureCypressSpecMessages')` failed with the following error:\n\nThe task 'reportAllureCypressSpecMessages' was not handled in the setupNodeEvents method. The following tasks are registered: writeAllureResults\n\nFix this in your setupNodeEvents method here:\nC:\\Projects\\isg-automacao\\cypress.config.js\n\nhttps://on.cypress.io/api/task\n\nBecause this error occurred during a `after all` hook we are skipping all of the remaining tests.",
                "estack": "CypressError: `cy.task('reportAllureCypressSpecMessages')` failed with the following error:\n\nThe task 'reportAllureCypressSpecMessages' was not handled in the setupNodeEvents method. The following tasks are registered: writeAllureResults\n\nFix this in your setupNodeEvents method here:\nC:\\Projects\\isg-automacao\\cypress.config.js\n\nhttps://on.cypress.io/api/task\n\nBecause this error occurred during a `after all` hook we are skipping all of the remaining tests.\n    at <unknown> (http://ec2-3-84-19-116.compute-1.amazonaws.com/__cypress/runner/cypress_runner.js:135426:72)\n    at tryCatcher (http://ec2-3-84-19-116.compute-1.amazonaws.com/__cypress/runner/cypress_runner.js:1807:23)\n    at Promise._settlePromiseFromHandler (http://ec2-3-84-19-116.compute-1.amazonaws.com/__cypress/runner/cypress_runner.js:1519:31)\n    at Promise._settlePromise (http://ec2-3-84-19-116.compute-1.amazonaws.com/__cypress/runner/cypress_runner.js:1576:18)\n    at Promise._settlePromise0 (http://ec2-3-84-19-116.compute-1.amazonaws.com/__cypress/runner/cypress_runner.js:1621:10)\n    at Promise._settlePromises (http://ec2-3-84-19-116.compute-1.amazonaws.com/__cypress/runner/cypress_runner.js:1697:18)\n    at _drainQueueStep (http://ec2-3-84-19-116.compute-1.amazonaws.com/__cypress/runner/cypress_runner.js:2407:12)\n    at _drainQueue (http://ec2-3-84-19-116.compute-1.amazonaws.com/__cypress/runner/cypress_runner.js:2400:9)\n    at Async._drainQueues (http://ec2-3-84-19-116.compute-1.amazonaws.com/__cypress/runner/cypress_runner.js:2416:5)\n    at Async.drainQueues (http://ec2-3-84-19-116.compute-1.amazonaws.com/__cypress/runner/cypress_runner.js:2286:14)\nFrom Your Spec Code:\n    at Y.flushAllureMessagesToTask (node_modules/allure-cypress/dist/cjs/index.js:1:0)\n    at te (node_modules/allure-cypress/dist/cjs/index.js:1:0)\n    at Context.eval (node_modules/allure-cypress/dist/cjs/index.js:1:0)",
                "diff": null
              },
              "uuid": "6d953a54-257c-438f-ac1e-6af813a7af94",
              "parentUUID": "b04616ec-f6a6-4d9c-ad74-7f880e46480c",
              "isHook": false,
              "skipped": false
            },
            {
              "title": "01.2 - Usuario acessar com sucesso a plataforma e fazer logout",
              "fullTitle": "As oito personas validar sucesso e insucesso de login e recuperacao de senha na plataforma como mobile 01.2 - Usuario acessar com sucesso a plataforma e fazer logout",
              "timedOut": null,
              "duration": 0,
              "state": "skipped",
              "speed": null,
              "pass": false,
              "fail": false,
              "pending": false,
              "context": null,
              "code": "const state = window.testState;\nreturn cy\n  .then(() => state.onStartScenario(scenario, indexedSteps))\n  .then(() =>\n    resolveAndRunBeforeHooks.call(this, scenario.tags, state.feature.name)\n  )\n  .then(() =>\n    indexedSteps.forEach((step) =>\n      stepTest.call(this, state, step, rowData)\n    )\n  )\n  .then(() => state.onFinishScenario(scenario));",
              "err": {},
              "uuid": "58d5b628-707d-4106-8ede-d3ab6aaa138e",
              "parentUUID": "b04616ec-f6a6-4d9c-ad74-7f880e46480c",
              "isHook": false,
              "skipped": true
            },
            {
              "title": "01.3 - Usuario acessar com sucesso a plataforma e fazer logout",
              "fullTitle": "As oito personas validar sucesso e insucesso de login e recuperacao de senha na plataforma como mobile 01.3 - Usuario acessar com sucesso a plataforma e fazer logout",
              "timedOut": null,
              "duration": 0,
              "state": "skipped",
              "speed": null,
              "pass": false,
              "fail": false,
              "pending": false,
              "context": null,
              "code": "const state = window.testState;\nreturn cy\n  .then(() => state.onStartScenario(scenario, indexedSteps))\n  .then(() =>\n    resolveAndRunBeforeHooks.call(this, scenario.tags, state.feature.name)\n  )\n  .then(() =>\n    indexedSteps.forEach((step) =>\n      stepTest.call(this, state, step, rowData)\n    )\n  )\n  .then(() => state.onFinishScenario(scenario));",
              "err": {},
              "uuid": "57656040-2126-4d3b-a094-60c574423a25",
              "parentUUID": "b04616ec-f6a6-4d9c-ad74-7f880e46480c",
              "isHook": false,
              "skipped": true
            },
            {
              "title": "01.4 - Usuario acessar com sucesso a plataforma e fazer logout",
              "fullTitle": "As oito personas validar sucesso e insucesso de login e recuperacao de senha na plataforma como mobile 01.4 - Usuario acessar com sucesso a plataforma e fazer logout",
              "timedOut": null,
              "duration": 0,
              "state": "skipped",
              "speed": null,
              "pass": false,
              "fail": false,
              "pending": false,
              "context": null,
              "code": "const state = window.testState;\nreturn cy\n  .then(() => state.onStartScenario(scenario, indexedSteps))\n  .then(() =>\n    resolveAndRunBeforeHooks.call(this, scenario.tags, state.feature.name)\n  )\n  .then(() =>\n    indexedSteps.forEach((step) =>\n      stepTest.call(this, state, step, rowData)\n    )\n  )\n  .then(() => state.onFinishScenario(scenario));",
              "err": {},
              "uuid": "343ab5a5-3b90-46f5-afd7-06d43abf88be",
              "parentUUID": "b04616ec-f6a6-4d9c-ad74-7f880e46480c",
              "isHook": false,
              "skipped": true
            },
            {
              "title": "01.5 - Usuario acessar com sucesso a plataforma e fazer logout",
              "fullTitle": "As oito personas validar sucesso e insucesso de login e recuperacao de senha na plataforma como mobile 01.5 - Usuario acessar com sucesso a plataforma e fazer logout",
              "timedOut": null,
              "duration": 0,
              "state": "skipped",
              "speed": null,
              "pass": false,
              "fail": false,
              "pending": false,
              "context": null,
              "code": "const state = window.testState;\nreturn cy\n  .then(() => state.onStartScenario(scenario, indexedSteps))\n  .then(() =>\n    resolveAndRunBeforeHooks.call(this, scenario.tags, state.feature.name)\n  )\n  .then(() =>\n    indexedSteps.forEach((step) =>\n      stepTest.call(this, state, step, rowData)\n    )\n  )\n  .then(() => state.onFinishScenario(scenario));",
              "err": {},
              "uuid": "ea098903-0ecc-42a6-9a37-2f2984372c4f",
              "parentUUID": "b04616ec-f6a6-4d9c-ad74-7f880e46480c",
              "isHook": false,
              "skipped": true
            },
            {
              "title": "01.6 - Usuario acessar com sucesso a plataforma e fazer logout",
              "fullTitle": "As oito personas validar sucesso e insucesso de login e recuperacao de senha na plataforma como mobile 01.6 - Usuario acessar com sucesso a plataforma e fazer logout",
              "timedOut": null,
              "duration": 0,
              "state": "skipped",
              "speed": null,
              "pass": false,
              "fail": false,
              "pending": false,
              "context": null,
              "code": "const state = window.testState;\nreturn cy\n  .then(() => state.onStartScenario(scenario, indexedSteps))\n  .then(() =>\n    resolveAndRunBeforeHooks.call(this, scenario.tags, state.feature.name)\n  )\n  .then(() =>\n    indexedSteps.forEach((step) =>\n      stepTest.call(this, state, step, rowData)\n    )\n  )\n  .then(() => state.onFinishScenario(scenario));",
              "err": {},
              "uuid": "509083ec-8a85-49d8-b7c3-04d4b7a33dc0",
              "parentUUID": "b04616ec-f6a6-4d9c-ad74-7f880e46480c",
              "isHook": false,
              "skipped": true
            },
            {
              "title": "01.7 - Usuario acessar com sucesso a plataforma e fazer logout",
              "fullTitle": "As oito personas validar sucesso e insucesso de login e recuperacao de senha na plataforma como mobile 01.7 - Usuario acessar com sucesso a plataforma e fazer logout",
              "timedOut": null,
              "duration": 0,
              "state": "skipped",
              "speed": null,
              "pass": false,
              "fail": false,
              "pending": false,
              "context": null,
              "code": "const state = window.testState;\nreturn cy\n  .then(() => state.onStartScenario(scenario, indexedSteps))\n  .then(() =>\n    resolveAndRunBeforeHooks.call(this, scenario.tags, state.feature.name)\n  )\n  .then(() =>\n    indexedSteps.forEach((step) =>\n      stepTest.call(this, state, step, rowData)\n    )\n  )\n  .then(() => state.onFinishScenario(scenario));",
              "err": {},
              "uuid": "162cf67e-c121-4227-a71a-0ec90d1fbd91",
              "parentUUID": "b04616ec-f6a6-4d9c-ad74-7f880e46480c",
              "isHook": false,
              "skipped": true
            },
            {
              "title": "01.8 - Usuario acessar com sucesso a plataforma e fazer logout",
              "fullTitle": "As oito personas validar sucesso e insucesso de login e recuperacao de senha na plataforma como mobile 01.8 - Usuario acessar com sucesso a plataforma e fazer logout",
              "timedOut": null,
              "duration": 0,
              "state": "skipped",
              "speed": null,
              "pass": false,
              "fail": false,
              "pending": false,
              "context": null,
              "code": "const state = window.testState;\nreturn cy\n  .then(() => state.onStartScenario(scenario, indexedSteps))\n  .then(() =>\n    resolveAndRunBeforeHooks.call(this, scenario.tags, state.feature.name)\n  )\n  .then(() =>\n    indexedSteps.forEach((step) =>\n      stepTest.call(this, state, step, rowData)\n    )\n  )\n  .then(() => state.onFinishScenario(scenario));",
              "err": {},
              "uuid": "f29df1c3-be32-4456-87e8-f4a58a601642",
              "parentUUID": "b04616ec-f6a6-4d9c-ad74-7f880e46480c",
              "isHook": false,
              "skipped": true
            },
            {
              "title": "02 - Usuario acessar com insucesso a plataforma",
              "fullTitle": "As oito personas validar sucesso e insucesso de login e recuperacao de senha na plataforma como mobile 02 - Usuario acessar com insucesso a plataforma",
              "timedOut": null,
              "duration": 0,
              "state": "skipped",
              "speed": null,
              "pass": false,
              "fail": false,
              "pending": false,
              "context": null,
              "code": "const state = window.testState;\nreturn cy\n  .then(() => state.onStartScenario(scenario, indexedSteps))\n  .then(() =>\n    resolveAndRunBeforeHooks.call(this, scenario.tags, state.feature.name)\n  )\n  .then(() =>\n    indexedSteps.forEach((step) =>\n      stepTest.call(this, state, step, rowData)\n    )\n  )\n  .then(() => state.onFinishScenario(scenario));",
              "err": {},
              "uuid": "53aa99a8-e74b-40e6-b13c-ecd65e7eb5e9",
              "parentUUID": "b04616ec-f6a6-4d9c-ad74-7f880e46480c",
              "isHook": false,
              "skipped": true
            },
            {
              "title": "03 - Usuario redefinir senha com sucesso",
              "fullTitle": "As oito personas validar sucesso e insucesso de login e recuperacao de senha na plataforma como mobile 03 - Usuario redefinir senha com sucesso",
              "timedOut": null,
              "duration": 0,
              "state": "skipped",
              "speed": null,
              "pass": false,
              "fail": false,
              "pending": false,
              "context": null,
              "code": "const state = window.testState;\nreturn cy\n  .then(() => state.onStartScenario(scenario, indexedSteps))\n  .then(() =>\n    resolveAndRunBeforeHooks.call(this, scenario.tags, state.feature.name)\n  )\n  .then(() =>\n    indexedSteps.forEach((step) =>\n      stepTest.call(this, state, step, rowData)\n    )\n  )\n  .then(() => state.onFinishScenario(scenario));",
              "err": {},
              "uuid": "e9a49c23-26ca-414d-8d14-bd4da5c4b856",
              "parentUUID": "b04616ec-f6a6-4d9c-ad74-7f880e46480c",
              "isHook": false,
              "skipped": true
            },
            {
              "title": "04 - Usuario redefinir senha insucesso",
              "fullTitle": "As oito personas validar sucesso e insucesso de login e recuperacao de senha na plataforma como mobile 04 - Usuario redefinir senha insucesso",
              "timedOut": null,
              "duration": 0,
              "state": "skipped",
              "speed": null,
              "pass": false,
              "fail": false,
              "pending": false,
              "context": null,
              "code": "const state = window.testState;\nreturn cy\n  .then(() => state.onStartScenario(scenario, indexedSteps))\n  .then(() =>\n    resolveAndRunBeforeHooks.call(this, scenario.tags, state.feature.name)\n  )\n  .then(() =>\n    indexedSteps.forEach((step) =>\n      stepTest.call(this, state, step, rowData)\n    )\n  )\n  .then(() => state.onFinishScenario(scenario));",
              "err": {},
              "uuid": "ec82007a-b622-4017-a8fc-194cbf44c627",
              "parentUUID": "b04616ec-f6a6-4d9c-ad74-7f880e46480c",
              "isHook": false,
              "skipped": true
            },
            {
              "title": "05 - Usuario nao preencher campos obrigatorios",
              "fullTitle": "As oito personas validar sucesso e insucesso de login e recuperacao de senha na plataforma como mobile 05 - Usuario nao preencher campos obrigatorios",
              "timedOut": null,
              "duration": 0,
              "state": "skipped",
              "speed": null,
              "pass": false,
              "fail": false,
              "pending": false,
              "context": null,
              "code": "const state = window.testState;\nreturn cy\n  .then(() => state.onStartScenario(scenario, indexedSteps))\n  .then(() =>\n    resolveAndRunBeforeHooks.call(this, scenario.tags, state.feature.name)\n  )\n  .then(() =>\n    indexedSteps.forEach((step) =>\n      stepTest.call(this, state, step, rowData)\n    )\n  )\n  .then(() => state.onFinishScenario(scenario));",
              "err": {},
              "uuid": "8add37b3-33b7-41eb-93f2-e941db657b70",
              "parentUUID": "b04616ec-f6a6-4d9c-ad74-7f880e46480c",
              "isHook": false,
              "skipped": true
            },
            {
              "title": "06 - Usuario acessa pela primeira vez a plataforma por Email",
              "fullTitle": "As oito personas validar sucesso e insucesso de login e recuperacao de senha na plataforma como mobile 06 - Usuario acessa pela primeira vez a plataforma por Email",
              "timedOut": null,
              "duration": 0,
              "state": "skipped",
              "speed": null,
              "pass": false,
              "fail": false,
              "pending": false,
              "context": null,
              "code": "const state = window.testState;\nreturn cy\n  .then(() => state.onStartScenario(scenario, indexedSteps))\n  .then(() =>\n    resolveAndRunBeforeHooks.call(this, scenario.tags, state.feature.name)\n  )\n  .then(() =>\n    indexedSteps.forEach((step) =>\n      stepTest.call(this, state, step, rowData)\n    )\n  )\n  .then(() => state.onFinishScenario(scenario));",
              "err": {},
              "uuid": "18b27641-719e-41dd-a53c-258073816eb6",
              "parentUUID": "b04616ec-f6a6-4d9c-ad74-7f880e46480c",
              "isHook": false,
              "skipped": true
            }
          ],
          "suites": [],
          "passes": [],
          "failures": [
            "6d953a54-257c-438f-ac1e-6af813a7af94"
          ],
          "pending": [],
          "skipped": [
            "58d5b628-707d-4106-8ede-d3ab6aaa138e",
            "57656040-2126-4d3b-a094-60c574423a25",
            "343ab5a5-3b90-46f5-afd7-06d43abf88be",
            "ea098903-0ecc-42a6-9a37-2f2984372c4f",
            "509083ec-8a85-49d8-b7c3-04d4b7a33dc0",
            "162cf67e-c121-4227-a71a-0ec90d1fbd91",
            "f29df1c3-be32-4456-87e8-f4a58a601642",
            "53aa99a8-e74b-40e6-b13c-ecd65e7eb5e9",
            "e9a49c23-26ca-414d-8d14-bd4da5c4b856",
            "ec82007a-b622-4017-a8fc-194cbf44c627",
            "8add37b3-33b7-41eb-93f2-e941db657b70",
            "18b27641-719e-41dd-a53c-258073816eb6"
          ],
          "duration": 187,
          "root": false,
          "rootEmpty": false,
          "_timeout": 2000
        }
      ],
      "passes": [],
      "failures": [],
      "pending": [],
      "skipped": [],
      "duration": 0,
      "root": true,
      "rootEmpty": true,
      "_timeout": 2000
    }
  ],
  "meta": {
    "mocha": {
      "version": "7.0.1"
    },
    "mochawesome": {
      "options": {
        "quiet": false,
        "reportFilename": "mochawesome",
        "saveHtml": false,
        "saveJson": true,
        "consoleReporter": "spec",
        "useInlineDiffs": false,
        "code": true
      },
      "version": "7.1.3"
    },
    "marge": {
      "options": {
        "charts": true,
        "reportPageTitle": "custom-title",
        "embeddedScreenshots": true,
        "inlineAssets": true,
        "saveAllAttempts": false,
        "overwrite": false,
        "html": false,
        "json": true,
        "reportDir": "cypress\\reports\\html\\.jsons"
      },
      "version": "6.2.0"
    }
  }
}