{
  "stats": {
    "suites": 1,
    "tests": 1,
    "passes": 0,
    "pending": 0,
    "failures": 1,
    "start": "2024-10-01T14:25:02.835Z",
    "end": "2024-10-01T14:25:10.473Z",
    "duration": 7638,
    "testsRegistered": 13,
    "passPercent": 0,
    "pendingPercent": 0,
    "other": 1,
    "hasOther": true,
    "skipped": 12,
    "hasSkipped": true
  },
  "results": [
    {
      "uuid": "19d26648-da9e-44ae-927f-97834da81ed3",
      "title": "",
      "fullFile": "cypress\\e2e\\TestWeb\\AcessoLoginW\\login.feature",
      "file": "cypress\\e2e\\TestWeb\\AcessoLoginW\\login.feature",
      "beforeHooks": [],
      "afterHooks": [],
      "tests": [],
      "suites": [
        {
          "uuid": "8c0e83b0-b372-4ded-abfd-c25c2672f8c5",
          "title": "As oito personas validar sucesso e insucesso de login e recuperacao de senha na plataforma como web",
          "fullFile": "",
          "file": "",
          "beforeHooks": [],
          "afterHooks": [],
          "tests": [
            {
              "title": "01.1 - Usuario acessar com sucesso a plataforma e fazer logout",
              "fullTitle": "As oito personas validar sucesso e insucesso de login e recuperacao de senha na plataforma como web 01.1 - Usuario acessar com sucesso a plataforma e fazer logout",
              "timedOut": null,
              "duration": 392,
              "state": "failed",
              "speed": null,
              "pass": false,
              "fail": true,
              "pending": false,
              "context": null,
              "code": "const state = window.testState;\nreturn cy\n  .then(() => state.onStartScenario(scenario, indexedSteps))\n  .then(() =>\n    resolveAndRunBeforeHooks.call(this, scenario.tags, state.feature.name)\n  )\n  .then(() =>\n    indexedSteps.forEach((step) =>\n      stepTest.call(this, state, step, rowData)\n    )\n  )\n  .then(() => state.onFinishScenario(scenario));",
              "err": {
                "message": "CypressError: `cy.task('reportAllureCypressSpecMessages')` failed with the following error:\n\nThe task 'reportAllureCypressSpecMessages' was not handled in the setupNodeEvents method. The following tasks are registered: writeAllureResults\n\nFix this in your setupNodeEvents method here:\nC:\\Projects\\isg-automacao\\cypress.config.js\n\nhttps://on.cypress.io/api/task\n\nBecause this error occurred during a `after all` hook we are skipping all of the remaining tests.",
                "estack": "CypressError: `cy.task('reportAllureCypressSpecMessages')` failed with the following error:\n\nThe task 'reportAllureCypressSpecMessages' was not handled in the setupNodeEvents method. The following tasks are registered: writeAllureResults\n\nFix this in your setupNodeEvents method here:\nC:\\Projects\\isg-automacao\\cypress.config.js\n\nhttps://on.cypress.io/api/task\n\nBecause this error occurred during a `after all` hook we are skipping all of the remaining tests.\n    at <unknown> (http://ec2-3-84-19-116.compute-1.amazonaws.com/__cypress/runner/cypress_runner.js:135426:72)\n    at tryCatcher (http://ec2-3-84-19-116.compute-1.amazonaws.com/__cypress/runner/cypress_runner.js:1807:23)\n    at Promise._settlePromiseFromHandler (http://ec2-3-84-19-116.compute-1.amazonaws.com/__cypress/runner/cypress_runner.js:1519:31)\n    at Promise._settlePromise (http://ec2-3-84-19-116.compute-1.amazonaws.com/__cypress/runner/cypress_runner.js:1576:18)\n    at Promise._settlePromise0 (http://ec2-3-84-19-116.compute-1.amazonaws.com/__cypress/runner/cypress_runner.js:1621:10)\n    at Promise._settlePromises (http://ec2-3-84-19-116.compute-1.amazonaws.com/__cypress/runner/cypress_runner.js:1697:18)\n    at _drainQueueStep (http://ec2-3-84-19-116.compute-1.amazonaws.com/__cypress/runner/cypress_runner.js:2407:12)\n    at _drainQueue (http://ec2-3-84-19-116.compute-1.amazonaws.com/__cypress/runner/cypress_runner.js:2400:9)\n    at Async._drainQueues (http://ec2-3-84-19-116.compute-1.amazonaws.com/__cypress/runner/cypress_runner.js:2416:5)\n    at Async.drainQueues (http://ec2-3-84-19-116.compute-1.amazonaws.com/__cypress/runner/cypress_runner.js:2286:14)\nFrom Your Spec Code:\n    at Y.flushAllureMessagesToTask (node_modules/allure-cypress/dist/cjs/index.js:1:0)\n    at te (node_modules/allure-cypress/dist/cjs/index.js:1:0)\n    at Context.eval (node_modules/allure-cypress/dist/cjs/index.js:1:0)",
                "diff": null
              },
              "uuid": "1f435631-95c8-48eb-8f7e-a2fd775f897e",
              "parentUUID": "8c0e83b0-b372-4ded-abfd-c25c2672f8c5",
              "isHook": false,
              "skipped": false
            },
            {
              "title": "01.2 - Usuario acessar com sucesso a plataforma e fazer logout",
              "fullTitle": "As oito personas validar sucesso e insucesso de login e recuperacao de senha na plataforma como web 01.2 - Usuario acessar com sucesso a plataforma e fazer logout",
              "timedOut": null,
              "duration": 0,
              "state": "skipped",
              "speed": null,
              "pass": false,
              "fail": false,
              "pending": false,
              "context": null,
              "code": "const state = window.testState;\nreturn cy\n  .then(() => state.onStartScenario(scenario, indexedSteps))\n  .then(() =>\n    resolveAndRunBeforeHooks.call(this, scenario.tags, state.feature.name)\n  )\n  .then(() =>\n    indexedSteps.forEach((step) =>\n      stepTest.call(this, state, step, rowData)\n    )\n  )\n  .then(() => state.onFinishScenario(scenario));",
              "err": {},
              "uuid": "b80e60ab-452f-4dd3-a5b9-7be675f072b5",
              "parentUUID": "8c0e83b0-b372-4ded-abfd-c25c2672f8c5",
              "isHook": false,
              "skipped": true
            },
            {
              "title": "01.3 - Usuario acessar com sucesso a plataforma e fazer logout",
              "fullTitle": "As oito personas validar sucesso e insucesso de login e recuperacao de senha na plataforma como web 01.3 - Usuario acessar com sucesso a plataforma e fazer logout",
              "timedOut": null,
              "duration": 0,
              "state": "skipped",
              "speed": null,
              "pass": false,
              "fail": false,
              "pending": false,
              "context": null,
              "code": "const state = window.testState;\nreturn cy\n  .then(() => state.onStartScenario(scenario, indexedSteps))\n  .then(() =>\n    resolveAndRunBeforeHooks.call(this, scenario.tags, state.feature.name)\n  )\n  .then(() =>\n    indexedSteps.forEach((step) =>\n      stepTest.call(this, state, step, rowData)\n    )\n  )\n  .then(() => state.onFinishScenario(scenario));",
              "err": {},
              "uuid": "b6a505b7-42d8-4a47-be2f-9ed8523e6bf6",
              "parentUUID": "8c0e83b0-b372-4ded-abfd-c25c2672f8c5",
              "isHook": false,
              "skipped": true
            },
            {
              "title": "01.4 - Usuario acessar com sucesso a plataforma e fazer logout",
              "fullTitle": "As oito personas validar sucesso e insucesso de login e recuperacao de senha na plataforma como web 01.4 - Usuario acessar com sucesso a plataforma e fazer logout",
              "timedOut": null,
              "duration": 0,
              "state": "skipped",
              "speed": null,
              "pass": false,
              "fail": false,
              "pending": false,
              "context": null,
              "code": "const state = window.testState;\nreturn cy\n  .then(() => state.onStartScenario(scenario, indexedSteps))\n  .then(() =>\n    resolveAndRunBeforeHooks.call(this, scenario.tags, state.feature.name)\n  )\n  .then(() =>\n    indexedSteps.forEach((step) =>\n      stepTest.call(this, state, step, rowData)\n    )\n  )\n  .then(() => state.onFinishScenario(scenario));",
              "err": {},
              "uuid": "40377640-2f60-4016-9a04-5d3e6970fde2",
              "parentUUID": "8c0e83b0-b372-4ded-abfd-c25c2672f8c5",
              "isHook": false,
              "skipped": true
            },
            {
              "title": "01.5 - Usuario acessar com sucesso a plataforma e fazer logout",
              "fullTitle": "As oito personas validar sucesso e insucesso de login e recuperacao de senha na plataforma como web 01.5 - Usuario acessar com sucesso a plataforma e fazer logout",
              "timedOut": null,
              "duration": 0,
              "state": "skipped",
              "speed": null,
              "pass": false,
              "fail": false,
              "pending": false,
              "context": null,
              "code": "const state = window.testState;\nreturn cy\n  .then(() => state.onStartScenario(scenario, indexedSteps))\n  .then(() =>\n    resolveAndRunBeforeHooks.call(this, scenario.tags, state.feature.name)\n  )\n  .then(() =>\n    indexedSteps.forEach((step) =>\n      stepTest.call(this, state, step, rowData)\n    )\n  )\n  .then(() => state.onFinishScenario(scenario));",
              "err": {},
              "uuid": "07627746-899f-46d5-ba17-f6f39da3a97d",
              "parentUUID": "8c0e83b0-b372-4ded-abfd-c25c2672f8c5",
              "isHook": false,
              "skipped": true
            },
            {
              "title": "01.6 - Usuario acessar com sucesso a plataforma e fazer logout",
              "fullTitle": "As oito personas validar sucesso e insucesso de login e recuperacao de senha na plataforma como web 01.6 - Usuario acessar com sucesso a plataforma e fazer logout",
              "timedOut": null,
              "duration": 0,
              "state": "skipped",
              "speed": null,
              "pass": false,
              "fail": false,
              "pending": false,
              "context": null,
              "code": "const state = window.testState;\nreturn cy\n  .then(() => state.onStartScenario(scenario, indexedSteps))\n  .then(() =>\n    resolveAndRunBeforeHooks.call(this, scenario.tags, state.feature.name)\n  )\n  .then(() =>\n    indexedSteps.forEach((step) =>\n      stepTest.call(this, state, step, rowData)\n    )\n  )\n  .then(() => state.onFinishScenario(scenario));",
              "err": {},
              "uuid": "4d70c12d-5ea2-474e-9ccb-61105665efeb",
              "parentUUID": "8c0e83b0-b372-4ded-abfd-c25c2672f8c5",
              "isHook": false,
              "skipped": true
            },
            {
              "title": "01.7 - Usuario acessar com sucesso a plataforma e fazer logout",
              "fullTitle": "As oito personas validar sucesso e insucesso de login e recuperacao de senha na plataforma como web 01.7 - Usuario acessar com sucesso a plataforma e fazer logout",
              "timedOut": null,
              "duration": 0,
              "state": "skipped",
              "speed": null,
              "pass": false,
              "fail": false,
              "pending": false,
              "context": null,
              "code": "const state = window.testState;\nreturn cy\n  .then(() => state.onStartScenario(scenario, indexedSteps))\n  .then(() =>\n    resolveAndRunBeforeHooks.call(this, scenario.tags, state.feature.name)\n  )\n  .then(() =>\n    indexedSteps.forEach((step) =>\n      stepTest.call(this, state, step, rowData)\n    )\n  )\n  .then(() => state.onFinishScenario(scenario));",
              "err": {},
              "uuid": "d142d262-9945-4e6c-97c6-6b7bb0b0d17b",
              "parentUUID": "8c0e83b0-b372-4ded-abfd-c25c2672f8c5",
              "isHook": false,
              "skipped": true
            },
            {
              "title": "01.8 - Usuario acessar com sucesso a plataforma e fazer logout",
              "fullTitle": "As oito personas validar sucesso e insucesso de login e recuperacao de senha na plataforma como web 01.8 - Usuario acessar com sucesso a plataforma e fazer logout",
              "timedOut": null,
              "duration": 0,
              "state": "skipped",
              "speed": null,
              "pass": false,
              "fail": false,
              "pending": false,
              "context": null,
              "code": "const state = window.testState;\nreturn cy\n  .then(() => state.onStartScenario(scenario, indexedSteps))\n  .then(() =>\n    resolveAndRunBeforeHooks.call(this, scenario.tags, state.feature.name)\n  )\n  .then(() =>\n    indexedSteps.forEach((step) =>\n      stepTest.call(this, state, step, rowData)\n    )\n  )\n  .then(() => state.onFinishScenario(scenario));",
              "err": {},
              "uuid": "b9fcb360-b2e7-4d48-85cc-ca61d33d4859",
              "parentUUID": "8c0e83b0-b372-4ded-abfd-c25c2672f8c5",
              "isHook": false,
              "skipped": true
            },
            {
              "title": "02 - Usuario acessar com insucesso a plataforma",
              "fullTitle": "As oito personas validar sucesso e insucesso de login e recuperacao de senha na plataforma como web 02 - Usuario acessar com insucesso a plataforma",
              "timedOut": null,
              "duration": 0,
              "state": "skipped",
              "speed": null,
              "pass": false,
              "fail": false,
              "pending": false,
              "context": null,
              "code": "const state = window.testState;\nreturn cy\n  .then(() => state.onStartScenario(scenario, indexedSteps))\n  .then(() =>\n    resolveAndRunBeforeHooks.call(this, scenario.tags, state.feature.name)\n  )\n  .then(() =>\n    indexedSteps.forEach((step) =>\n      stepTest.call(this, state, step, rowData)\n    )\n  )\n  .then(() => state.onFinishScenario(scenario));",
              "err": {},
              "uuid": "30f5ae7d-bc4e-4578-ab41-9b05e6d31368",
              "parentUUID": "8c0e83b0-b372-4ded-abfd-c25c2672f8c5",
              "isHook": false,
              "skipped": true
            },
            {
              "title": "03 - Usuario redefinir senha com sucesso",
              "fullTitle": "As oito personas validar sucesso e insucesso de login e recuperacao de senha na plataforma como web 03 - Usuario redefinir senha com sucesso",
              "timedOut": null,
              "duration": 0,
              "state": "skipped",
              "speed": null,
              "pass": false,
              "fail": false,
              "pending": false,
              "context": null,
              "code": "const state = window.testState;\nreturn cy\n  .then(() => state.onStartScenario(scenario, indexedSteps))\n  .then(() =>\n    resolveAndRunBeforeHooks.call(this, scenario.tags, state.feature.name)\n  )\n  .then(() =>\n    indexedSteps.forEach((step) =>\n      stepTest.call(this, state, step, rowData)\n    )\n  )\n  .then(() => state.onFinishScenario(scenario));",
              "err": {},
              "uuid": "170ce683-6295-49a4-b313-80a29869ca95",
              "parentUUID": "8c0e83b0-b372-4ded-abfd-c25c2672f8c5",
              "isHook": false,
              "skipped": true
            },
            {
              "title": "04 - Usuario redefinir senha insucesso",
              "fullTitle": "As oito personas validar sucesso e insucesso de login e recuperacao de senha na plataforma como web 04 - Usuario redefinir senha insucesso",
              "timedOut": null,
              "duration": 0,
              "state": "skipped",
              "speed": null,
              "pass": false,
              "fail": false,
              "pending": false,
              "context": null,
              "code": "const state = window.testState;\nreturn cy\n  .then(() => state.onStartScenario(scenario, indexedSteps))\n  .then(() =>\n    resolveAndRunBeforeHooks.call(this, scenario.tags, state.feature.name)\n  )\n  .then(() =>\n    indexedSteps.forEach((step) =>\n      stepTest.call(this, state, step, rowData)\n    )\n  )\n  .then(() => state.onFinishScenario(scenario));",
              "err": {},
              "uuid": "53f1c61c-843b-4aaa-b353-829b60379ee7",
              "parentUUID": "8c0e83b0-b372-4ded-abfd-c25c2672f8c5",
              "isHook": false,
              "skipped": true
            },
            {
              "title": "05 - Usuario nao preencher campos obrigatorios",
              "fullTitle": "As oito personas validar sucesso e insucesso de login e recuperacao de senha na plataforma como web 05 - Usuario nao preencher campos obrigatorios",
              "timedOut": null,
              "duration": 0,
              "state": "skipped",
              "speed": null,
              "pass": false,
              "fail": false,
              "pending": false,
              "context": null,
              "code": "const state = window.testState;\nreturn cy\n  .then(() => state.onStartScenario(scenario, indexedSteps))\n  .then(() =>\n    resolveAndRunBeforeHooks.call(this, scenario.tags, state.feature.name)\n  )\n  .then(() =>\n    indexedSteps.forEach((step) =>\n      stepTest.call(this, state, step, rowData)\n    )\n  )\n  .then(() => state.onFinishScenario(scenario));",
              "err": {},
              "uuid": "ffccd0b1-0167-4a26-b51a-78a432c07bb2",
              "parentUUID": "8c0e83b0-b372-4ded-abfd-c25c2672f8c5",
              "isHook": false,
              "skipped": true
            },
            {
              "title": "06 - Usuario acessa pela primeira vez a plataforma por Email",
              "fullTitle": "As oito personas validar sucesso e insucesso de login e recuperacao de senha na plataforma como web 06 - Usuario acessa pela primeira vez a plataforma por Email",
              "timedOut": null,
              "duration": 0,
              "state": "skipped",
              "speed": null,
              "pass": false,
              "fail": false,
              "pending": false,
              "context": null,
              "code": "const state = window.testState;\nreturn cy\n  .then(() => state.onStartScenario(scenario, indexedSteps))\n  .then(() =>\n    resolveAndRunBeforeHooks.call(this, scenario.tags, state.feature.name)\n  )\n  .then(() =>\n    indexedSteps.forEach((step) =>\n      stepTest.call(this, state, step, rowData)\n    )\n  )\n  .then(() => state.onFinishScenario(scenario));",
              "err": {},
              "uuid": "d7eaa9d5-e59b-45c7-ab50-02b11eb1fd4d",
              "parentUUID": "8c0e83b0-b372-4ded-abfd-c25c2672f8c5",
              "isHook": false,
              "skipped": true
            }
          ],
          "suites": [],
          "passes": [],
          "failures": [
            "1f435631-95c8-48eb-8f7e-a2fd775f897e"
          ],
          "pending": [],
          "skipped": [
            "b80e60ab-452f-4dd3-a5b9-7be675f072b5",
            "b6a505b7-42d8-4a47-be2f-9ed8523e6bf6",
            "40377640-2f60-4016-9a04-5d3e6970fde2",
            "07627746-899f-46d5-ba17-f6f39da3a97d",
            "4d70c12d-5ea2-474e-9ccb-61105665efeb",
            "d142d262-9945-4e6c-97c6-6b7bb0b0d17b",
            "b9fcb360-b2e7-4d48-85cc-ca61d33d4859",
            "30f5ae7d-bc4e-4578-ab41-9b05e6d31368",
            "170ce683-6295-49a4-b313-80a29869ca95",
            "53f1c61c-843b-4aaa-b353-829b60379ee7",
            "ffccd0b1-0167-4a26-b51a-78a432c07bb2",
            "d7eaa9d5-e59b-45c7-ab50-02b11eb1fd4d"
          ],
          "duration": 392,
          "root": false,
          "rootEmpty": false,
          "_timeout": 2000
        }
      ],
      "passes": [],
      "failures": [],
      "pending": [],
      "skipped": [],
      "duration": 0,
      "root": true,
      "rootEmpty": true,
      "_timeout": 2000
    }
  ],
  "meta": {
    "mocha": {
      "version": "7.0.1"
    },
    "mochawesome": {
      "options": {
        "quiet": false,
        "reportFilename": "mochawesome",
        "saveHtml": false,
        "saveJson": true,
        "consoleReporter": "spec",
        "useInlineDiffs": false,
        "code": true
      },
      "version": "7.1.3"
    },
    "marge": {
      "options": {
        "charts": true,
        "reportPageTitle": "custom-title",
        "embeddedScreenshots": true,
        "inlineAssets": true,
        "saveAllAttempts": false,
        "overwrite": false,
        "html": false,
        "json": true,
        "reportDir": "cypress\\reports\\html\\.jsons"
      },
      "version": "6.2.0"
    }
  }
}