{
  "stats": {
    "suites": 1,
    "tests": 1,
    "passes": 0,
    "pending": 0,
    "failures": 1,
    "start": "2024-10-01T14:24:36.360Z",
    "end": "2024-10-01T14:24:49.634Z",
    "duration": 13274,
    "testsRegistered": 1,
    "passPercent": 0,
    "pendingPercent": 0,
    "other": 1,
    "hasOther": true,
    "skipped": 0,
    "hasSkipped": false
  },
  "results": [
    {
      "uuid": "c28f5997-46f9-4423-bc56-4c6e742ed1e0",
      "title": "",
      "fullFile": "cypress\\e2e\\developmentscenarios.feature",
      "file": "cypress\\e2e\\developmentscenarios.feature",
      "beforeHooks": [],
      "afterHooks": [],
      "tests": [],
      "suites": [
        {
          "uuid": "1c8c40d6-dc62-474e-8238-67ccacbc633b",
          "title": "Objetivo de desenvolvimento de testes por cenario no cypress",
          "fullFile": "",
          "file": "",
          "beforeHooks": [],
          "afterHooks": [],
          "tests": [
            {
              "title": "05 - Usuario nao preencher campos obrigatorios",
              "fullTitle": "Objetivo de desenvolvimento de testes por cenario no cypress 05 - Usuario nao preencher campos obrigatorios",
              "timedOut": null,
              "duration": 201,
              "state": "failed",
              "speed": null,
              "pass": false,
              "fail": true,
              "pending": false,
              "context": null,
              "code": "const state = window.testState;\nreturn cy\n  .then(() => state.onStartScenario(scenario, indexedSteps))\n  .then(() =>\n    resolveAndRunBeforeHooks.call(this, scenario.tags, state.feature.name)\n  )\n  .then(() =>\n    indexedSteps.forEach((step) =>\n      stepTest.call(this, state, step, rowData)\n    )\n  )\n  .then(() => state.onFinishScenario(scenario));",
              "err": {
                "message": "CypressError: `cy.task('reportAllureCypressSpecMessages')` failed with the following error:\n\nThe task 'reportAllureCypressSpecMessages' was not handled in the setupNodeEvents method. The following tasks are registered: writeAllureResults\n\nFix this in your setupNodeEvents method here:\nC:\\Projects\\isg-automacao\\cypress.config.js\n\nhttps://on.cypress.io/api/task\n\nBecause this error occurred during a `after all` hook we are skipping all of the remaining tests.",
                "estack": "CypressError: `cy.task('reportAllureCypressSpecMessages')` failed with the following error:\n\nThe task 'reportAllureCypressSpecMessages' was not handled in the setupNodeEvents method. The following tasks are registered: writeAllureResults\n\nFix this in your setupNodeEvents method here:\nC:\\Projects\\isg-automacao\\cypress.config.js\n\nhttps://on.cypress.io/api/task\n\nBecause this error occurred during a `after all` hook we are skipping all of the remaining tests.\n    at <unknown> (http://ec2-3-84-19-116.compute-1.amazonaws.com/__cypress/runner/cypress_runner.js:135426:72)\n    at tryCatcher (http://ec2-3-84-19-116.compute-1.amazonaws.com/__cypress/runner/cypress_runner.js:1807:23)\n    at Promise._settlePromiseFromHandler (http://ec2-3-84-19-116.compute-1.amazonaws.com/__cypress/runner/cypress_runner.js:1519:31)\n    at Promise._settlePromise (http://ec2-3-84-19-116.compute-1.amazonaws.com/__cypress/runner/cypress_runner.js:1576:18)\n    at Promise._settlePromise0 (http://ec2-3-84-19-116.compute-1.amazonaws.com/__cypress/runner/cypress_runner.js:1621:10)\n    at Promise._settlePromises (http://ec2-3-84-19-116.compute-1.amazonaws.com/__cypress/runner/cypress_runner.js:1697:18)\n    at _drainQueueStep (http://ec2-3-84-19-116.compute-1.amazonaws.com/__cypress/runner/cypress_runner.js:2407:12)\n    at _drainQueue (http://ec2-3-84-19-116.compute-1.amazonaws.com/__cypress/runner/cypress_runner.js:2400:9)\n    at Async._drainQueues (http://ec2-3-84-19-116.compute-1.amazonaws.com/__cypress/runner/cypress_runner.js:2416:5)\n    at Async.drainQueues (http://ec2-3-84-19-116.compute-1.amazonaws.com/__cypress/runner/cypress_runner.js:2286:14)\nFrom Your Spec Code:\n    at Y.flushAllureMessagesToTask (node_modules/allure-cypress/dist/cjs/index.js:1:0)\n    at te (node_modules/allure-cypress/dist/cjs/index.js:1:0)\n    at Context.eval (node_modules/allure-cypress/dist/cjs/index.js:1:0)",
                "diff": null
              },
              "uuid": "bcaa8fd3-97de-4e17-a2c2-efa67229960d",
              "parentUUID": "1c8c40d6-dc62-474e-8238-67ccacbc633b",
              "isHook": false,
              "skipped": false
            }
          ],
          "suites": [],
          "passes": [],
          "failures": [
            "bcaa8fd3-97de-4e17-a2c2-efa67229960d"
          ],
          "pending": [],
          "skipped": [],
          "duration": 201,
          "root": false,
          "rootEmpty": false,
          "_timeout": 2000
        }
      ],
      "passes": [],
      "failures": [],
      "pending": [],
      "skipped": [],
      "duration": 0,
      "root": true,
      "rootEmpty": true,
      "_timeout": 2000
    }
  ],
  "meta": {
    "mocha": {
      "version": "7.0.1"
    },
    "mochawesome": {
      "options": {
        "quiet": false,
        "reportFilename": "mochawesome",
        "saveHtml": false,
        "saveJson": true,
        "consoleReporter": "spec",
        "useInlineDiffs": false,
        "code": true
      },
      "version": "7.1.3"
    },
    "marge": {
      "options": {
        "charts": true,
        "reportPageTitle": "custom-title",
        "embeddedScreenshots": true,
        "inlineAssets": true,
        "saveAllAttempts": false,
        "overwrite": false,
        "html": false,
        "json": true,
        "reportDir": "cypress\\reports\\html\\.jsons"
      },
      "version": "6.2.0"
    }
  }
}